Build started 11/12/2016 10:49:39 PM.
     1>Project "C:\Users\grace.tay\Documents\LiarsDice\TayGraceIT312Mod7FinalProjectSubmission\TayGraceIT312Mod7FinalProjectSubmission.vcxproj" on node 2 (Build target(s)).
     1>ClCompile:
         C:\Program Files (x86)\Microsoft Visual Studio 14.0\VC\bin\CL.exe /c /AI"C:\Program Files (x86)\Reference Assemblies\Microsoft\Framework\.NETFramework\v4.0" /AI"C:\Program Files (x86)\Windows Kits\8.1\References\CommonConfiguration\Neutral" /Zi /clr /nologo /W3 /WX- /sdl /Od /Oy- /D WIN32 /D _DEBUG /D _CONSOLE /D _LIB /D _UNICODE /D UNICODE /EHa /MDd /GS /fp:precise /Zc:wchar_t /Zc:forScope /Zc:inline /Yc"stdafx.h" /Fp"Debug\TayGraceIT312Mod7FinalProjectSubmission.pch" /Fo"Debug\\" /Fd"Debug\vc140.pdb" /TP /FU"C:\Program Files (x86)\Reference Assemblies\Microsoft\Framework\.NETFramework\v4.0\mscorlib.dll" /analyze- /errorReport:prompt /clr:nostdlib stdafx.cpp
         stdafx.cpp
         C:\Program Files (x86)\Microsoft Visual Studio 14.0\VC\bin\CL.exe /c /AI"C:\Program Files (x86)\Reference Assemblies\Microsoft\Framework\.NETFramework\v4.0" /AI"C:\Program Files (x86)\Windows Kits\8.1\References\CommonConfiguration\Neutral" /Zi /clr /nologo /W3 /WX- /sdl /Od /Oy- /D WIN32 /D _DEBUG /D _CONSOLE /D _LIB /D _UNICODE /D UNICODE /EHa /MDd /GS /fp:precise /Zc:wchar_t /Zc:forScope /Zc:inline /Yu"stdafx.h" /Fp"Debug\TayGraceIT312Mod7FinalProjectSubmission.pch" /Fo"Debug\\" /Fd"Debug\vc140.pdb" /TP /FU"C:\Program Files (x86)\Reference Assemblies\Microsoft\Framework\.NETFramework\v4.0\mscorlib.dll" /analyze- /errorReport:prompt /clr:nostdlib Dice.cpp FileHandler.cpp Game.cpp Player.cpp TayGraceIT312Mod7FinalProjectSubmission.cpp
         Dice.cpp
         FileHandler.cpp
         Game.cpp
     1>Game.cpp(92): warning C4018: '<': signed/unsigned mismatch
     1>Game.cpp(160): warning C4018: '<': signed/unsigned mismatch
         Player.cpp
         TayGraceIT312Mod7FinalProjectSubmission.cpp
         Generating Code...
         C:\Program Files (x86)\Microsoft Visual Studio 14.0\VC\bin\CL.exe /c /Zi /clr /nologo /W3 /WX- /sdl /Od /Oy- /D WIN32 /D _DEBUG /D _CONSOLE /D _LIB /D _UNICODE /D UNICODE /EHa /MDd /GS /fp:precise /Zc:wchar_t /Zc:forScope /Zc:inline /Fp"Debug\TayGraceIT312Mod7FinalProjectSubmission.pch" /Fa"Debug\\" /Fo"Debug\\" /Fd"Debug\vc140.pdb" /analyze- /errorReport:prompt "C:\Users\grace.tay\AppData\Local\Temp\.NETFramework,Version=v4.0.AssemblyAttributes.cpp"
         .NETFramework,Version=v4.0.AssemblyAttributes.cpp
       Link:
         C:\Program Files (x86)\Microsoft Visual Studio 14.0\VC\bin\link.exe /ERRORREPORT:PROMPT /OUT:"C:\Users\grace.tay\Documents\LiarsDice\Debug\TayGraceIT312Mod7FinalProjectSubmission.exe" /INCREMENTAL /NOLOGO kernel32.lib user32.lib gdi32.lib winspool.lib comdlg32.lib advapi32.lib shell32.lib ole32.lib oleaut32.lib uuid.lib odbc32.lib odbccp32.lib /MANIFEST /MANIFESTUAC:"level='asInvoker' uiAccess='false'" /manifest:embed /Debug /PDB:"C:\Users\grace.tay\Documents\LiarsDice\Debug\TayGraceIT312Mod7FinalProjectSubmission.pdb" /ASSEMBLYDEBUG /SUBSYSTEM:CONSOLE /TLBID:1 /DYNAMICBASE /FIXED:NO /NXCOMPAT /MACHINE:X86 Debug\Dice.obj
         Debug\FileHandler.obj
         Debug\Game.obj
         Debug\Player.obj
         Debug\stdafx.obj
         Debug\TayGraceIT312Mod7FinalProjectSubmission.obj
         "Debug\.NETFramework,Version=v4.0.AssemblyAttributes.obj"
         TayGraceIT312Mod7FinalProjectSubmission.vcxproj -> C:\Users\grace.tay\Documents\LiarsDice\Debug\TayGraceIT312Mod7FinalProjectSubmission.exe
     1>Done Building Project "C:\Users\grace.tay\Documents\LiarsDice\TayGraceIT312Mod7FinalProjectSubmission\TayGraceIT312Mod7FinalProjectSubmission.vcxproj" (Build target(s)).

Build succeeded.

Time Elapsed 00:00:09.27
